  Main.cpp
C:\Users\desta\OneDrive - Università degli Studi di Milano\Desktop\MyGAL-master\MyGAL-master\include\MyGAL\Event.h(31,7): warning C4099: 'mygal::Arc': il nome del tipo che in precedenza utilizzava 'struct' ora utilizza 'class'
  (compilazione del file di origine 'Main.cpp')
      C:\Users\desta\OneDrive - Università degli Studi di Milano\Desktop\MyGAL-master\MyGAL-master\include\MyGAL\Arc.h(33,8):
      vedere la dichiarazione di 'mygal::Arc'
  
C:\Users\desta\source\repos\Min Knapsack Voronoi Diagram\Main.cpp(67,23): warning C4018: '<': errata corrispondenza tra signed e unsigned
C:\Users\desta\source\repos\Min Knapsack Voronoi Diagram\Main.cpp(68,50): warning C4244: 'argomento': conversione da 'int' a 'T'. Possibile perdita di dati.
C:\Users\desta\source\repos\Min Knapsack Voronoi Diagram\Main.cpp(68,50): warning C4244:         with
C:\Users\desta\source\repos\Min Knapsack Voronoi Diagram\Main.cpp(68,50): warning C4244:         [
C:\Users\desta\source\repos\Min Knapsack Voronoi Diagram\Main.cpp(68,50): warning C4244:             T=float
C:\Users\desta\source\repos\Min Knapsack Voronoi Diagram\Main.cpp(68,50): warning C4244:         ]
C:\Users\desta\source\repos\Min Knapsack Voronoi Diagram\Main.cpp(69,63): warning C4244: 'argomento': conversione da 'T' a 'T'. Possibile perdita di dati.
C:\Users\desta\source\repos\Min Knapsack Voronoi Diagram\Main.cpp(69,63): warning C4244:         with
C:\Users\desta\source\repos\Min Knapsack Voronoi Diagram\Main.cpp(69,63): warning C4244:         [
C:\Users\desta\source\repos\Min Knapsack Voronoi Diagram\Main.cpp(69,63): warning C4244:             T=unsigned int
C:\Users\desta\source\repos\Min Knapsack Voronoi Diagram\Main.cpp(69,63): warning C4244:         ]
C:\Users\desta\source\repos\Min Knapsack Voronoi Diagram\Main.cpp(69,63): warning C4244:         and
C:\Users\desta\source\repos\Min Knapsack Voronoi Diagram\Main.cpp(69,63): warning C4244:         [
C:\Users\desta\source\repos\Min Knapsack Voronoi Diagram\Main.cpp(69,63): warning C4244:             T=float
C:\Users\desta\source\repos\Min Knapsack Voronoi Diagram\Main.cpp(69,63): warning C4244:         ]
C:\Users\desta\source\repos\Min Knapsack Voronoi Diagram\Main.cpp(69,50): warning C4244: 'argomento': conversione da 'int' a 'T'. Possibile perdita di dati.
C:\Users\desta\source\repos\Min Knapsack Voronoi Diagram\Main.cpp(69,50): warning C4244:         with
C:\Users\desta\source\repos\Min Knapsack Voronoi Diagram\Main.cpp(69,50): warning C4244:         [
C:\Users\desta\source\repos\Min Knapsack Voronoi Diagram\Main.cpp(69,50): warning C4244:             T=float
C:\Users\desta\source\repos\Min Knapsack Voronoi Diagram\Main.cpp(69,50): warning C4244:         ]
C:\Users\desta\source\repos\Min Knapsack Voronoi Diagram\Main.cpp(73,23): warning C4018: '<': errata corrispondenza tra signed e unsigned
C:\Users\desta\source\repos\Min Knapsack Voronoi Diagram\Main.cpp(74,53): warning C4244: 'argomento': conversione da 'int' a 'T'. Possibile perdita di dati.
C:\Users\desta\source\repos\Min Knapsack Voronoi Diagram\Main.cpp(74,53): warning C4244:         with
C:\Users\desta\source\repos\Min Knapsack Voronoi Diagram\Main.cpp(74,53): warning C4244:         [
C:\Users\desta\source\repos\Min Knapsack Voronoi Diagram\Main.cpp(74,53): warning C4244:             T=float
C:\Users\desta\source\repos\Min Knapsack Voronoi Diagram\Main.cpp(74,53): warning C4244:         ]
C:\Users\desta\source\repos\Min Knapsack Voronoi Diagram\Main.cpp(75,64): warning C4244: 'argomento': conversione da 'int' a 'T'. Possibile perdita di dati.
C:\Users\desta\source\repos\Min Knapsack Voronoi Diagram\Main.cpp(75,64): warning C4244:         with
C:\Users\desta\source\repos\Min Knapsack Voronoi Diagram\Main.cpp(75,64): warning C4244:         [
C:\Users\desta\source\repos\Min Knapsack Voronoi Diagram\Main.cpp(75,64): warning C4244:             T=float
C:\Users\desta\source\repos\Min Knapsack Voronoi Diagram\Main.cpp(75,64): warning C4244:         ]
C:\Users\desta\source\repos\Min Knapsack Voronoi Diagram\Main.cpp(75,60): warning C4244: 'argomento': conversione da 'T' a 'T'. Possibile perdita di dati.
C:\Users\desta\source\repos\Min Knapsack Voronoi Diagram\Main.cpp(75,60): warning C4244:         with
C:\Users\desta\source\repos\Min Knapsack Voronoi Diagram\Main.cpp(75,60): warning C4244:         [
C:\Users\desta\source\repos\Min Knapsack Voronoi Diagram\Main.cpp(75,60): warning C4244:             T=unsigned int
C:\Users\desta\source\repos\Min Knapsack Voronoi Diagram\Main.cpp(75,60): warning C4244:         ]
C:\Users\desta\source\repos\Min Knapsack Voronoi Diagram\Main.cpp(75,60): warning C4244:         and
C:\Users\desta\source\repos\Min Knapsack Voronoi Diagram\Main.cpp(75,60): warning C4244:         [
C:\Users\desta\source\repos\Min Knapsack Voronoi Diagram\Main.cpp(75,60): warning C4244:             T=float
C:\Users\desta\source\repos\Min Knapsack Voronoi Diagram\Main.cpp(75,60): warning C4244:         ]
C:\Users\desta\source\repos\Min Knapsack Voronoi Diagram\Main.cpp(86,71): warning C4244: 'argomento': conversione da 'double' a 'T'. Possibile perdita di dati.
C:\Users\desta\source\repos\Min Knapsack Voronoi Diagram\Main.cpp(86,71): warning C4244:         with
C:\Users\desta\source\repos\Min Knapsack Voronoi Diagram\Main.cpp(86,71): warning C4244:         [
C:\Users\desta\source\repos\Min Knapsack Voronoi Diagram\Main.cpp(86,71): warning C4244:             T=float
C:\Users\desta\source\repos\Min Knapsack Voronoi Diagram\Main.cpp(86,71): warning C4244:         ]
C:\Users\desta\source\repos\Min Knapsack Voronoi Diagram\Main.cpp(86,54): warning C4244: 'argomento': conversione da 'double' a 'T'. Possibile perdita di dati.
C:\Users\desta\source\repos\Min Knapsack Voronoi Diagram\Main.cpp(86,54): warning C4244:         with
C:\Users\desta\source\repos\Min Knapsack Voronoi Diagram\Main.cpp(86,54): warning C4244:         [
C:\Users\desta\source\repos\Min Knapsack Voronoi Diagram\Main.cpp(86,54): warning C4244:             T=float
C:\Users\desta\source\repos\Min Knapsack Voronoi Diagram\Main.cpp(86,54): warning C4244:         ]
C:\Users\desta\source\repos\Min Knapsack Voronoi Diagram\Main.cpp(87,84): warning C4244: 'argomento': conversione da 'double' a 'T'. Possibile perdita di dati.
C:\Users\desta\source\repos\Min Knapsack Voronoi Diagram\Main.cpp(87,84): warning C4244:         with
C:\Users\desta\source\repos\Min Knapsack Voronoi Diagram\Main.cpp(87,84): warning C4244:         [
C:\Users\desta\source\repos\Min Knapsack Voronoi Diagram\Main.cpp(87,84): warning C4244:             T=float
C:\Users\desta\source\repos\Min Knapsack Voronoi Diagram\Main.cpp(87,84): warning C4244:         ]
C:\Users\desta\source\repos\Min Knapsack Voronoi Diagram\Main.cpp(87,60): warning C4244: 'argomento': conversione da 'double' a 'T'. Possibile perdita di dati.
C:\Users\desta\source\repos\Min Knapsack Voronoi Diagram\Main.cpp(87,60): warning C4244:         with
C:\Users\desta\source\repos\Min Knapsack Voronoi Diagram\Main.cpp(87,60): warning C4244:         [
C:\Users\desta\source\repos\Min Knapsack Voronoi Diagram\Main.cpp(87,60): warning C4244:             T=float
C:\Users\desta\source\repos\Min Knapsack Voronoi Diagram\Main.cpp(87,60): warning C4244:         ]
C:\Users\desta\source\repos\Min Knapsack Voronoi Diagram\Main.cpp(91,71): warning C4244: 'argomento': conversione da 'double' a 'T'. Possibile perdita di dati.
C:\Users\desta\source\repos\Min Knapsack Voronoi Diagram\Main.cpp(91,71): warning C4244:         with
C:\Users\desta\source\repos\Min Knapsack Voronoi Diagram\Main.cpp(91,71): warning C4244:         [
C:\Users\desta\source\repos\Min Knapsack Voronoi Diagram\Main.cpp(91,71): warning C4244:             T=float
C:\Users\desta\source\repos\Min Knapsack Voronoi Diagram\Main.cpp(91,71): warning C4244:         ]
C:\Users\desta\source\repos\Min Knapsack Voronoi Diagram\Main.cpp(91,54): warning C4244: 'argomento': conversione da 'double' a 'T'. Possibile perdita di dati.
C:\Users\desta\source\repos\Min Knapsack Voronoi Diagram\Main.cpp(91,54): warning C4244:         with
C:\Users\desta\source\repos\Min Knapsack Voronoi Diagram\Main.cpp(91,54): warning C4244:         [
C:\Users\desta\source\repos\Min Knapsack Voronoi Diagram\Main.cpp(91,54): warning C4244:             T=float
C:\Users\desta\source\repos\Min Knapsack Voronoi Diagram\Main.cpp(91,54): warning C4244:         ]
C:\Users\desta\source\repos\Min Knapsack Voronoi Diagram\Main.cpp(93,79): warning C4244: 'argomento': conversione da 'double' a 'T'. Possibile perdita di dati.
C:\Users\desta\source\repos\Min Knapsack Voronoi Diagram\Main.cpp(93,79): warning C4244:         with
C:\Users\desta\source\repos\Min Knapsack Voronoi Diagram\Main.cpp(93,79): warning C4244:         [
C:\Users\desta\source\repos\Min Knapsack Voronoi Diagram\Main.cpp(93,79): warning C4244:             T=float
C:\Users\desta\source\repos\Min Knapsack Voronoi Diagram\Main.cpp(93,79): warning C4244:         ]
C:\Users\desta\source\repos\Min Knapsack Voronoi Diagram\Main.cpp(93,41): warning C4244: 'argomento': conversione da 'double' a 'T'. Possibile perdita di dati.
C:\Users\desta\source\repos\Min Knapsack Voronoi Diagram\Main.cpp(93,41): warning C4244:         with
C:\Users\desta\source\repos\Min Knapsack Voronoi Diagram\Main.cpp(93,41): warning C4244:         [
C:\Users\desta\source\repos\Min Knapsack Voronoi Diagram\Main.cpp(93,41): warning C4244:             T=float
C:\Users\desta\source\repos\Min Knapsack Voronoi Diagram\Main.cpp(93,41): warning C4244:         ]
C:\Users\desta\source\repos\Min Knapsack Voronoi Diagram\Main.cpp(97,84): warning C4244: 'argomento': conversione da 'double' a 'T'. Possibile perdita di dati.
C:\Users\desta\source\repos\Min Knapsack Voronoi Diagram\Main.cpp(97,84): warning C4244:         with
C:\Users\desta\source\repos\Min Knapsack Voronoi Diagram\Main.cpp(97,84): warning C4244:         [
C:\Users\desta\source\repos\Min Knapsack Voronoi Diagram\Main.cpp(97,84): warning C4244:             T=float
C:\Users\desta\source\repos\Min Knapsack Voronoi Diagram\Main.cpp(97,84): warning C4244:         ]
C:\Users\desta\source\repos\Min Knapsack Voronoi Diagram\Main.cpp(97,60): warning C4244: 'argomento': conversione da 'double' a 'T'. Possibile perdita di dati.
C:\Users\desta\source\repos\Min Knapsack Voronoi Diagram\Main.cpp(97,60): warning C4244:         with
C:\Users\desta\source\repos\Min Knapsack Voronoi Diagram\Main.cpp(97,60): warning C4244:         [
C:\Users\desta\source\repos\Min Knapsack Voronoi Diagram\Main.cpp(97,60): warning C4244:             T=float
C:\Users\desta\source\repos\Min Knapsack Voronoi Diagram\Main.cpp(97,60): warning C4244:         ]
C:\Users\desta\source\repos\Min Knapsack Voronoi Diagram\Main.cpp(99,79): warning C4244: 'argomento': conversione da 'double' a 'T'. Possibile perdita di dati.
C:\Users\desta\source\repos\Min Knapsack Voronoi Diagram\Main.cpp(99,79): warning C4244:         with
C:\Users\desta\source\repos\Min Knapsack Voronoi Diagram\Main.cpp(99,79): warning C4244:         [
C:\Users\desta\source\repos\Min Knapsack Voronoi Diagram\Main.cpp(99,79): warning C4244:             T=float
C:\Users\desta\source\repos\Min Knapsack Voronoi Diagram\Main.cpp(99,79): warning C4244:         ]
C:\Users\desta\source\repos\Min Knapsack Voronoi Diagram\Main.cpp(99,41): warning C4244: 'argomento': conversione da 'double' a 'T'. Possibile perdita di dati.
C:\Users\desta\source\repos\Min Knapsack Voronoi Diagram\Main.cpp(99,41): warning C4244:         with
C:\Users\desta\source\repos\Min Knapsack Voronoi Diagram\Main.cpp(99,41): warning C4244:         [
C:\Users\desta\source\repos\Min Knapsack Voronoi Diagram\Main.cpp(99,41): warning C4244:             T=float
C:\Users\desta\source\repos\Min Knapsack Voronoi Diagram\Main.cpp(99,41): warning C4244:         ]
C:\Users\desta\source\repos\Min Knapsack Voronoi Diagram\Main.cpp(106,64): warning C4244: 'argomento': conversione da 'double' a 'T'. Possibile perdita di dati.
C:\Users\desta\source\repos\Min Knapsack Voronoi Diagram\Main.cpp(106,64): warning C4244:         with
C:\Users\desta\source\repos\Min Knapsack Voronoi Diagram\Main.cpp(106,64): warning C4244:         [
C:\Users\desta\source\repos\Min Knapsack Voronoi Diagram\Main.cpp(106,64): warning C4244:             T=float
C:\Users\desta\source\repos\Min Knapsack Voronoi Diagram\Main.cpp(106,64): warning C4244:         ]
C:\Users\desta\source\repos\Min Knapsack Voronoi Diagram\Main.cpp(106,41): warning C4244: 'argomento': conversione da 'double' a 'T'. Possibile perdita di dati.
C:\Users\desta\source\repos\Min Knapsack Voronoi Diagram\Main.cpp(106,41): warning C4244:         with
C:\Users\desta\source\repos\Min Knapsack Voronoi Diagram\Main.cpp(106,41): warning C4244:         [
C:\Users\desta\source\repos\Min Knapsack Voronoi Diagram\Main.cpp(106,41): warning C4244:             T=float
C:\Users\desta\source\repos\Min Knapsack Voronoi Diagram\Main.cpp(106,41): warning C4244:         ]
C:\Users\desta\source\repos\Min Knapsack Voronoi Diagram\Main.cpp(107,64): warning C4244: 'argomento': conversione da 'double' a 'T'. Possibile perdita di dati.
C:\Users\desta\source\repos\Min Knapsack Voronoi Diagram\Main.cpp(107,64): warning C4244:         with
C:\Users\desta\source\repos\Min Knapsack Voronoi Diagram\Main.cpp(107,64): warning C4244:         [
C:\Users\desta\source\repos\Min Knapsack Voronoi Diagram\Main.cpp(107,64): warning C4244:             T=float
C:\Users\desta\source\repos\Min Knapsack Voronoi Diagram\Main.cpp(107,64): warning C4244:         ]
C:\Users\desta\source\repos\Min Knapsack Voronoi Diagram\Main.cpp(107,41): warning C4244: 'argomento': conversione da 'double' a 'T'. Possibile perdita di dati.
C:\Users\desta\source\repos\Min Knapsack Voronoi Diagram\Main.cpp(107,41): warning C4244:         with
C:\Users\desta\source\repos\Min Knapsack Voronoi Diagram\Main.cpp(107,41): warning C4244:         [
C:\Users\desta\source\repos\Min Knapsack Voronoi Diagram\Main.cpp(107,41): warning C4244:             T=float
C:\Users\desta\source\repos\Min Knapsack Voronoi Diagram\Main.cpp(107,41): warning C4244:         ]
C:\Users\desta\source\repos\Min Knapsack Voronoi Diagram\Main.cpp(350,53): warning C4244: 'argomento': conversione da 'const double' a 'float'. Possibile perdita di dati.
C:\Users\desta\source\repos\Min Knapsack Voronoi Diagram\Main.cpp(350,38): warning C4244: 'argomento': conversione da 'const double' a 'float'. Possibile perdita di dati.
C:\Users\desta\OneDrive - Università degli Studi di Milano\Desktop\MyGAL-master\MyGAL-master\include\MyGAL\PriorityQueue.h(59,37): warning C4267: '=': conversione da 'size_t' a 'int'. Possibile perdita di dati.
  (compilazione del file di origine 'Main.cpp')
      C:\Users\desta\OneDrive - Università degli Studi di Milano\Desktop\MyGAL-master\MyGAL-master\include\MyGAL\PriorityQueue.h(59,37):
      il contesto di creazione dell'istanza del modello (prima il meno recente) è
          C:\Users\desta\source\repos\Min Knapsack Voronoi Diagram\Main.cpp(289,46):
          vedere il riferimento all'istanza 'mygal::FortuneAlgorithm<T>' di modello classe di cui è in corso la compilazione
          with
          [
              T=double
          ]
          C:\Users\desta\OneDrive - Università degli Studi di Milano\Desktop\MyGAL-master\MyGAL-master\include\MyGAL\FortuneAlgorithm.h(143,29):
          vedere il riferimento all'istanza 'mygal::PriorityQueue<mygal::Event<T>>' di modello classe di cui è in corso la compilazione
          with
          [
              T=double
          ]
          C:\Users\desta\OneDrive - Università degli Studi di Milano\Desktop\MyGAL-master\MyGAL-master\include\MyGAL\PriorityQueue.h(57,10):
          durante la compilazione della funzione membro 'void mygal::PriorityQueue<mygal::Event<T>>::push(std::unique_ptr<mygal::Event<T>,std::default_delete<mygal::Event<T>>> &&)' di modello classe
          with
          [
              T=double
          ]
              C:\Users\desta\OneDrive - Università degli Studi di Milano\Desktop\MyGAL-master\MyGAL-master\include\MyGAL\FortuneAlgorithm.h(68,25):
              vedere il primo riferimento a 'mygal::PriorityQueue<mygal::Event<T>>::push' in 'mygal::FortuneAlgorithm<T>::construct'
          with
          [
              T=double
          ]
              C:\Users\desta\source\repos\Min Knapsack Voronoi Diagram\Main.cpp(291,24):
              vedere il primo riferimento a 'mygal::FortuneAlgorithm<T>::construct' in 'main'
          with
          [
              T=double
          ]
  
C:\Users\desta\OneDrive - Università degli Studi di Milano\Desktop\MyGAL-master\MyGAL-master\include\MyGAL\PriorityQueue.h(145,31): warning C4267: '=': conversione da 'size_t' a 'int'. Possibile perdita di dati.
  (compilazione del file di origine 'Main.cpp')
      C:\Users\desta\OneDrive - Università degli Studi di Milano\Desktop\MyGAL-master\MyGAL-master\include\MyGAL\PriorityQueue.h(145,31):
      il contesto di creazione dell'istanza del modello (prima il meno recente) è
          C:\Users\desta\OneDrive - Università degli Studi di Milano\Desktop\MyGAL-master\MyGAL-master\include\MyGAL\PriorityQueue.h(142,17):
          durante la compilazione della funzione membro 'void mygal::PriorityQueue<mygal::Event<T>>::swap(size_t,size_t)' di modello classe
          with
          [
              T=double
          ]
              C:\Users\desta\OneDrive - Università degli Studi di Milano\Desktop\MyGAL-master\MyGAL-master\include\MyGAL\PriorityQueue.h(50,13):
              vedere il primo riferimento a 'mygal::PriorityQueue<mygal::Event<T>>::swap' in 'mygal::PriorityQueue<mygal::Event<T>>::pop'
          with
          [
              T=double
          ]
              C:\Users\desta\OneDrive - Università degli Studi di Milano\Desktop\MyGAL-master\MyGAL-master\include\MyGAL\FortuneAlgorithm.h(73,24):
              vedere il primo riferimento a 'mygal::PriorityQueue<mygal::Event<T>>::pop' in 'mygal::FortuneAlgorithm<T>::construct'
          with
          [
              T=double
          ]
              C:\Users\desta\source\repos\Min Knapsack Voronoi Diagram\Main.cpp(291,24):
              vedere il primo riferimento a 'mygal::FortuneAlgorithm<T>::construct' in 'main'
          with
          [
              T=double
          ]
  
C:\Users\desta\OneDrive - Università degli Studi di Milano\Desktop\MyGAL-master\MyGAL-master\include\MyGAL\PriorityQueue.h(146,31): warning C4267: '=': conversione da 'size_t' a 'int'. Possibile perdita di dati.
  (compilazione del file di origine 'Main.cpp')
  
C:\Users\desta\OneDrive - Università degli Studi di Milano\Desktop\MyGAL-master\MyGAL-master\include\MyGAL\PriorityQueue.h(134,33): warning C4267: 'argomento': conversione da 'size_t' a 'int'. Possibile perdita di dati.
  (compilazione del file di origine 'Main.cpp')
      C:\Users\desta\OneDrive - Università degli Studi di Milano\Desktop\MyGAL-master\MyGAL-master\include\MyGAL\PriorityQueue.h(134,33):
      il contesto di creazione dell'istanza del modello (prima il meno recente) è
          C:\Users\desta\OneDrive - Università degli Studi di Milano\Desktop\MyGAL-master\MyGAL-master\include\MyGAL\PriorityQueue.h(132,10):
          durante la compilazione della funzione membro 'void mygal::PriorityQueue<mygal::Event<T>>::siftUp(size_t)' di modello classe
          with
          [
              T=double
          ]
              C:\Users\desta\OneDrive - Università degli Studi di Milano\Desktop\MyGAL-master\MyGAL-master\include\MyGAL\PriorityQueue.h(61,15):
              vedere il primo riferimento a 'mygal::PriorityQueue<mygal::Event<T>>::siftUp' in 'mygal::PriorityQueue<mygal::Event<T>>::push'
          with
          [
              T=double
          ]
              C:\Users\desta\OneDrive - Università degli Studi di Milano\Desktop\MyGAL-master\MyGAL-master\include\MyGAL\FortuneAlgorithm.h(68,25):
              vedere il primo riferimento a 'mygal::PriorityQueue<mygal::Event<T>>::push' in 'mygal::FortuneAlgorithm<T>::construct'
          with
          [
              T=double
          ]
              C:\Users\desta\source\repos\Min Knapsack Voronoi Diagram\Main.cpp(291,24):
              vedere il primo riferimento a 'mygal::FortuneAlgorithm<T>::construct' in 'main'
          with
          [
              T=double
          ]
  
C:\Users\desta\OneDrive - Università degli Studi di Milano\Desktop\MyGAL-master\MyGAL-master\include\MyGAL\PriorityQueue.h(66,33): warning C4267: 'argomento': conversione da 'size_t' a 'int'. Possibile perdita di dati.
  (compilazione del file di origine 'Main.cpp')
      C:\Users\desta\OneDrive - Università degli Studi di Milano\Desktop\MyGAL-master\MyGAL-master\include\MyGAL\PriorityQueue.h(66,33):
      il contesto di creazione dell'istanza del modello (prima il meno recente) è
          C:\Users\desta\OneDrive - Università degli Studi di Milano\Desktop\MyGAL-master\MyGAL-master\include\MyGAL\PriorityQueue.h(64,10):
          durante la compilazione della funzione membro 'void mygal::PriorityQueue<mygal::Event<T>>::update(size_t)' di modello classe
          with
          [
              T=double
          ]
              C:\Users\desta\OneDrive - Università degli Studi di Milano\Desktop\MyGAL-master\MyGAL-master\include\MyGAL\PriorityQueue.h(78,19):
              vedere il primo riferimento a 'mygal::PriorityQueue<mygal::Event<T>>::update' in 'mygal::PriorityQueue<mygal::Event<T>>::remove'
          with
          [
              T=double
          ]
              C:\Users\desta\OneDrive - Università degli Studi di Milano\Desktop\MyGAL-master\MyGAL-master\include\MyGAL\FortuneAlgorithm.h(314,27):
              vedere il primo riferimento a 'mygal::PriorityQueue<mygal::Event<T>>::remove' in 'mygal::FortuneAlgorithm<T>::deleteEvent'
          with
          [
              T=double
          ]
              C:\Users\desta\OneDrive - Università degli Studi di Milano\Desktop\MyGAL-master\MyGAL-master\include\MyGAL\FortuneAlgorithm.h(186,20):
              vedere il primo riferimento a 'mygal::FortuneAlgorithm<T>::deleteEvent' in 'mygal::FortuneAlgorithm<T>::handleCircleEvent'
          with
          [
              T=double
          ]
              C:\Users\desta\OneDrive - Università degli Studi di Milano\Desktop\MyGAL-master\MyGAL-master\include\MyGAL\FortuneAlgorithm.h(78,34):
              vedere il primo riferimento a 'mygal::FortuneAlgorithm<T>::handleCircleEvent' in 'mygal::FortuneAlgorithm<T>::construct'
          with
          [
              T=double
          ]
              C:\Users\desta\source\repos\Min Knapsack Voronoi Diagram\Main.cpp(291,24):
              vedere il primo riferimento a 'mygal::FortuneAlgorithm<T>::construct' in 'main'
          with
          [
              T=double
          ]
  
  Min Knapsack Voronoi Diagram.vcxproj -> C:\Users\desta\source\repos\Min Knapsack Voronoi Diagram\x64\Debug\Min Knapsack Voronoi Diagram.exe
